[2026-01-02 00:04:07] Exception: Unknown column 'a.estado' in 'field list' in C:\xampp\htdocs\src\lib\funciones.php:111
Stack trace:
#0 C:\xampp\htdocs\src\lib\funciones.php(111): mysqli->prepare('\r\n    SELECT \r\n...')
#1 C:\xampp\htdocs\public\atencion_list.php(130): get_all_atenciones(false)
#2 {main}

================================================================================

[2026-01-02 00:06:02] Exception: Unknown column 'a.estado' in 'field list' in C:\xampp\htdocs\src\lib\funciones.php:111
Stack trace:
#0 C:\xampp\htdocs\src\lib\funciones.php(111): mysqli->prepare('\r\n    SELECT \r\n...')
#1 C:\xampp\htdocs\public\atencion_list.php(130): get_all_atenciones(false)
#2 {main}

================================================================================

[2026-01-02 00:06:04] Exception: Unknown column 'a.estado' in 'field list' in C:\xampp\htdocs\src\lib\funciones.php:111
Stack trace:
#0 C:\xampp\htdocs\src\lib\funciones.php(111): mysqli->prepare('\r\n    SELECT \r\n...')
#1 C:\xampp\htdocs\public\atencion_list.php(130): get_all_atenciones(false)
#2 {main}

================================================================================

[2026-01-02 00:06:15] Exception: Unknown column 'a.activo' in 'field list' in C:\xampp\htdocs\src\lib\funciones.php:111
Stack trace:
#0 C:\xampp\htdocs\src\lib\funciones.php(111): mysqli->prepare('\r\n    SELECT \r\n...')
#1 C:\xampp\htdocs\public\atencion_list.php(130): get_all_atenciones(false)
#2 {main}

================================================================================

[2026-01-02 00:06:19] Exception: Unknown column 'a.activo' in 'where clause' in C:\xampp\htdocs\src\lib\funciones.php:111
Stack trace:
#0 C:\xampp\htdocs\src\lib\funciones.php(111): mysqli->prepare('\r\n    SELECT \r\n...')
#1 C:\xampp\htdocs\public\atencion_list.php(130): get_all_atenciones(false)
#2 {main}

================================================================================

[2026-01-02 00:07:11] NOTICE: session_start(): Ignoring session_start() because a session is already active in C:\xampp\htdocs\src\logic\auth.logic.php:77
[2026-01-02 00:08:19] Exception: Unknown column 'a.estado' in 'field list' in C:\xampp\htdocs\src\lib\funciones.php:151
Stack trace:
#0 C:\xampp\htdocs\src\lib\funciones.php(151): mysqli->prepare('\r\n    SELECT \r\n...')
#1 C:\xampp\htdocs\public\servicios.php(14): get_atenciones_by_fecha('2026-01-02', false)
#2 {main}

================================================================================

[2026-01-02 00:08:40] Exception: You have an error in your SQL syntax; check the manual that corresponds to your MariaDB server version for the right syntax to use near '$
    ORDER BY a.fechaHora ASC' at line 12 in C:\xampp\htdocs\src\lib\funciones.php:150
Stack trace:
#0 C:\xampp\htdocs\src\lib\funciones.php(150): mysqli->prepare('\r\n    SELECT \r\n...')
#1 C:\xampp\htdocs\public\servicios.php(14): get_atenciones_by_fecha('2026-01-02', false)
#2 {main}

================================================================================

[2026-01-02 19:09:16] NOTICE: session_start(): Ignoring session_start() because a session is already active in C:\xampp\htdocs\public\catalogo_list.php:2
[2026-01-02 19:09:16] WARNING: require_once(C:\xampp\htdocs\src\logic/../includes/db.php): Failed to open stream: No such file or directory in C:\xampp\htdocs\src\logic\catalogos.logic.php:2
[2026-01-02 19:09:16] Exception: Failed opening required 'C:\xampp\htdocs\src\logic/../includes/db.php' (include_path='C:\xampp\php\PEAR') in C:\xampp\htdocs\src\logic\catalogos.logic.php:2
Stack trace:
#0 C:\xampp\htdocs\public\catalogo_list.php(3): require_once()
#1 C:\xampp\htdocs\public\catalogo.php(21): include_once('C:\\xampp\\htdocs...')
#2 {main}

================================================================================

[2026-01-02 19:09:24] NOTICE: session_start(): Ignoring session_start() because a session is already active in C:\xampp\htdocs\public\novedad_list.php:2
[2026-01-02 19:09:24] WARNING: require_once(C:\xampp\htdocs\src\logic/../includes/db.php): Failed to open stream: No such file or directory in C:\xampp\htdocs\src\logic\novedades.logic.php:2
[2026-01-02 19:09:24] Exception: Failed opening required 'C:\xampp\htdocs\src\logic/../includes/db.php' (include_path='C:\xampp\php\PEAR') in C:\xampp\htdocs\src\logic\novedades.logic.php:2
Stack trace:
#0 C:\xampp\htdocs\public\novedad_list.php(3): require_once()
#1 C:\xampp\htdocs\public\novedades.php(22): include_once('C:\\xampp\\htdocs...')
#2 {main}

================================================================================

[2026-01-02 19:09:25] NOTICE: session_start(): Ignoring session_start() because a session is already active in C:\xampp\htdocs\public\catalogo_list.php:2
[2026-01-02 19:09:25] WARNING: require_once(C:\xampp\htdocs\src\logic/../includes/db.php): Failed to open stream: No such file or directory in C:\xampp\htdocs\src\logic\catalogos.logic.php:2
[2026-01-02 19:09:25] Exception: Failed opening required 'C:\xampp\htdocs\src\logic/../includes/db.php' (include_path='C:\xampp\php\PEAR') in C:\xampp\htdocs\src\logic\catalogos.logic.php:2
Stack trace:
#0 C:\xampp\htdocs\public\catalogo_list.php(3): require_once()
#1 C:\xampp\htdocs\public\catalogo.php(21): include_once('C:\\xampp\\htdocs...')
#2 {main}

================================================================================

[2026-01-02 19:09:26] NOTICE: session_start(): Ignoring session_start() because a session is already active in C:\xampp\htdocs\public\novedad_list.php:2
[2026-01-02 19:09:26] WARNING: require_once(C:\xampp\htdocs\src\logic/../includes/db.php): Failed to open stream: No such file or directory in C:\xampp\htdocs\src\logic\novedades.logic.php:2
[2026-01-02 19:09:26] Exception: Failed opening required 'C:\xampp\htdocs\src\logic/../includes/db.php' (include_path='C:\xampp\php\PEAR') in C:\xampp\htdocs\src\logic\novedades.logic.php:2
Stack trace:
#0 C:\xampp\htdocs\public\novedad_list.php(3): require_once()
#1 C:\xampp\htdocs\public\novedades.php(22): include_once('C:\\xampp\\htdocs...')
#2 {main}

================================================================================

[2026-01-02 19:09:26] NOTICE: session_start(): Ignoring session_start() because a session is already active in C:\xampp\htdocs\public\catalogo_list.php:2
[2026-01-02 19:09:26] WARNING: require_once(C:\xampp\htdocs\src\logic/../includes/db.php): Failed to open stream: No such file or directory in C:\xampp\htdocs\src\logic\catalogos.logic.php:2
[2026-01-02 19:09:26] Exception: Failed opening required 'C:\xampp\htdocs\src\logic/../includes/db.php' (include_path='C:\xampp\php\PEAR') in C:\xampp\htdocs\src\logic\catalogos.logic.php:2
Stack trace:
#0 C:\xampp\htdocs\public\catalogo_list.php(3): require_once()
#1 C:\xampp\htdocs\public\catalogo.php(21): include_once('C:\\xampp\\htdocs...')
#2 {main}

================================================================================

[2026-01-02 19:09:27] NOTICE: session_start(): Ignoring session_start() because a session is already active in C:\xampp\htdocs\public\novedad_list.php:2
[2026-01-02 19:09:27] WARNING: require_once(C:\xampp\htdocs\src\logic/../includes/db.php): Failed to open stream: No such file or directory in C:\xampp\htdocs\src\logic\novedades.logic.php:2
[2026-01-02 19:09:27] Exception: Failed opening required 'C:\xampp\htdocs\src\logic/../includes/db.php' (include_path='C:\xampp\php\PEAR') in C:\xampp\htdocs\src\logic\novedades.logic.php:2
Stack trace:
#0 C:\xampp\htdocs\public\novedad_list.php(3): require_once()
#1 C:\xampp\htdocs\public\novedades.php(22): include_once('C:\\xampp\\htdocs...')
#2 {main}

================================================================================

[2026-01-02 19:09:27] NOTICE: session_start(): Ignoring session_start() because a session is already active in C:\xampp\htdocs\public\catalogo_list.php:2
[2026-01-02 19:09:27] WARNING: require_once(C:\xampp\htdocs\src\logic/../includes/db.php): Failed to open stream: No such file or directory in C:\xampp\htdocs\src\logic\catalogos.logic.php:2
[2026-01-02 19:09:27] Exception: Failed opening required 'C:\xampp\htdocs\src\logic/../includes/db.php' (include_path='C:\xampp\php\PEAR') in C:\xampp\htdocs\src\logic\catalogos.logic.php:2
Stack trace:
#0 C:\xampp\htdocs\public\catalogo_list.php(3): require_once()
#1 C:\xampp\htdocs\public\catalogo.php(21): include_once('C:\\xampp\\htdocs...')
#2 {main}

================================================================================

[2026-01-02 19:09:28] NOTICE: session_start(): Ignoring session_start() because a session is already active in C:\xampp\htdocs\public\novedad_list.php:2
[2026-01-02 19:09:28] WARNING: require_once(C:\xampp\htdocs\src\logic/../includes/db.php): Failed to open stream: No such file or directory in C:\xampp\htdocs\src\logic\novedades.logic.php:2
[2026-01-02 19:09:28] Exception: Failed opening required 'C:\xampp\htdocs\src\logic/../includes/db.php' (include_path='C:\xampp\php\PEAR') in C:\xampp\htdocs\src\logic\novedades.logic.php:2
Stack trace:
#0 C:\xampp\htdocs\public\novedad_list.php(3): require_once()
#1 C:\xampp\htdocs\public\novedades.php(22): include_once('C:\\xampp\\htdocs...')
#2 {main}

================================================================================

[2026-01-02 19:10:54] NOTICE: session_start(): Ignoring session_start() because a session is already active in C:\xampp\htdocs\public\novedad_list.php:2
[2026-01-02 19:10:58] NOTICE: session_start(): Ignoring session_start() because a session is already active in C:\xampp\htdocs\public\catalogo_list.php:2
[2026-01-02 19:11:02] NOTICE: session_start(): Ignoring session_start() because a session is already active in C:\xampp\htdocs\public\novedad_list.php:2
[2026-01-02 19:11:10] NOTICE: session_start(): Ignoring session_start() because a session is already active in C:\xampp\htdocs\src\logic\auth.logic.php:77
[2026-01-02 19:11:59] NOTICE: session_start(): Ignoring session_start() because a session is already active in C:\xampp\htdocs\src\logic\auth.logic.php:77
[2026-01-02 19:12:02] NOTICE: session_start(): Ignoring session_start() because a session is already active in C:\xampp\htdocs\public\catalogo_list.php:2
[2026-01-02 19:12:02] WARNING: Cannot modify header information - headers already sent by (output started at C:\xampp\htdocs\public\catalogo.php:12) in C:\xampp\htdocs\public\catalogo_list.php:8
[2026-01-02 19:12:07] NOTICE: session_start(): Ignoring session_start() because a session is already active in C:\xampp\htdocs\public\catalogo_list.php:2
[2026-01-02 19:12:07] WARNING: Cannot modify header information - headers already sent by (output started at C:\xampp\htdocs\public\catalogo.php:12) in C:\xampp\htdocs\public\catalogo_list.php:8
[2026-01-02 19:19:34] NOTICE: session_start(): Ignoring session_start() because a session is already active in C:\xampp\htdocs\src\logic\auth.logic.php:77
[2026-01-02 19:53:39] WARNING: Undefined array key "fechaHora" in C:\xampp\htdocs\public\atencion_list.php:265
[2026-01-02 19:53:39] WARNING: Undefined array key "fechaHora" in C:\xampp\htdocs\public\atencion_list.php:315
[2026-01-02 19:53:39] WARNING: Undefined array key "fechaHora" in C:\xampp\htdocs\public\atencion_list.php:265
[2026-01-02 19:53:39] WARNING: Undefined array key "fechaHora" in C:\xampp\htdocs\public\atencion_list.php:315
[2026-03-25 14:16:58] Exception: Undefined constant "REPLY_TO" in C:\xampp\htdocs\public\auth\forgot_password.php:124
Stack trace:
#0 {main}

================================================================================

[2026-03-25 14:18:33] Exception: Undefined constant "REPLY_TO" in C:\xampp\htdocs\public\auth\forgot_password.php:124
Stack trace:
#0 {main}

================================================================================

[2026-03-25 14:45:59] Exception: Undefined constant "REPLY_TO" in C:\xampp\htdocs\public\auth\forgot_password.php:124
Stack trace:
#0 {main}

================================================================================

[2026-03-25 16:09:46] Exception: Undefined constant "REPLY_TO" in C:\xampp\htdocs\public\auth\forgot_password.php:124
Stack trace:
#0 {main}

================================================================================

[2026-03-28 21:06:41] WARNING: mysqli_connect(): (HY000/1045): Access denied for user 'freedb_admin_vet'@'190.2.96.25' (using password: YES) in C:\xampp\htdocs\src\Core\DB.php:23
[2026-03-28 21:06:41] Exception: Error fallback de conexión a la base de datos: [1045] Access denied for user 'freedb_admin_vet'@'190.2.96.25' (using password: YES) in C:\xampp\htdocs\src\Core\DB.php:36
Stack trace:
#0 C:\xampp\htdocs\src\Core\DB.php(45): App\Core\DB->__construct()
#1 C:\xampp\htdocs\src\Core\DB.php(57): App\Core\DB::getInstance()
#2 C:\xampp\htdocs\src\Modules\Novedades\NovedadRepository.php(11): App\Core\DB::getConn()
#3 C:\xampp\htdocs\src\Modules\Novedades\NovedadService.php(9): App\Modules\Novedades\NovedadRepository::getAll()
#4 C:\xampp\htdocs\public\novedades\index.php(16): App\Modules\Novedades\NovedadService::getAll()
#5 {main}

================================================================================

[2026-03-28 21:08:06] WARNING: mysqli_connect(): (HY000/1045): Access denied for user 'freedb_admin_vet'@'190.2.96.25' (using password: YES) in C:\xampp\htdocs\src\Core\DB.php:23
[2026-03-28 21:08:06] Exception: Error fallback de conexión a la base de datos: [1045] Access denied for user 'freedb_admin_vet'@'190.2.96.25' (using password: YES) in C:\xampp\htdocs\src\Core\DB.php:36
Stack trace:
#0 C:\xampp\htdocs\src\Core\DB.php(45): App\Core\DB->__construct()
#1 C:\xampp\htdocs\src\Core\DB.php(57): App\Core\DB::getInstance()
#2 C:\xampp\htdocs\src\Modules\Novedades\NovedadRepository.php(11): App\Core\DB::getConn()
#3 C:\xampp\htdocs\src\Modules\Novedades\NovedadService.php(9): App\Modules\Novedades\NovedadRepository::getAll()
#4 C:\xampp\htdocs\public\novedades\index.php(16): App\Modules\Novedades\NovedadService::getAll()
#5 {main}

================================================================================

[2026-03-28 21:10:42] WARNING: mysqli_connect(): (HY000/2002): Se produjo un error durante el intento de conexión ya que la parte conectada no respondió adecuadamente tras un periodo de tiempo, o bien se produjo un error en la conexión establecida ya que el host conectado no ha podido responder in C:\xampp\htdocs\src\Core\DB.php:23
[2026-03-28 21:10:42] Exception: Error fallback de conexión a la base de datos: [2002] Se produjo un error durante el intento de conexión ya que la parte conectada no respondió adecuadamente tras un periodo de tiempo, o bien se produjo un error en la conexión establecida ya que el host conectado no ha podido responder in C:\xampp\htdocs\src\Core\DB.php:36
Stack trace:
#0 C:\xampp\htdocs\src\Core\DB.php(45): App\Core\DB->__construct()
#1 C:\xampp\htdocs\src\Core\DB.php(57): App\Core\DB::getInstance()
#2 C:\xampp\htdocs\src\Modules\Catalogos\CatalogoRepository.php(11): App\Core\DB::getConn()
#3 C:\xampp\htdocs\src\Modules\Catalogos\CatalogoService.php(11): App\Modules\Catalogos\CatalogoRepository::getAll(NULL, NULL)
#4 C:\xampp\htdocs\public\catalogos\index.php(14): App\Modules\Catalogos\CatalogoService::getAll(NULL, NULL)
#5 {main}

================================================================================

[2026-03-28 21:13:27] WARNING: mysqli_connect(): (HY000/2002): Se produjo un error durante el intento de conexión ya que la parte conectada no respondió adecuadamente tras un periodo de tiempo, o bien se produjo un error en la conexión establecida ya que el host conectado no ha podido responder in C:\xampp\htdocs\src\Core\DB.php:23
[2026-03-28 21:13:27] Exception: Error fallback de conexión a la base de datos: [2002] Se produjo un error durante el intento de conexión ya que la parte conectada no respondió adecuadamente tras un periodo de tiempo, o bien se produjo un error en la conexión establecida ya que el host conectado no ha podido responder in C:\xampp\htdocs\src\Core\DB.php:36
Stack trace:
#0 C:\xampp\htdocs\src\Core\DB.php(45): App\Core\DB->__construct()
#1 C:\xampp\htdocs\src\Core\DB.php(57): App\Core\DB::getInstance()
#2 C:\xampp\htdocs\src\Modules\Usuarios\UsuarioRepository.php(11): App\Core\DB::getConn()
#3 C:\xampp\htdocs\src\Modules\Usuarios\UsuarioService.php(35): App\Modules\Usuarios\UsuarioRepository::getAll(false)
#4 C:\xampp\htdocs\public\usuarios\index.php(15): App\Modules\Usuarios\UsuarioService::getAll(false)
#5 {main}

================================================================================

[2026-03-28 21:15:18] WARNING: mysqli_connect(): (HY000/2002): Se produjo un error durante el intento de conexión ya que la parte conectada no respondió adecuadamente tras un periodo de tiempo, o bien se produjo un error en la conexión establecida ya que el host conectado no ha podido responder in C:\xampp\htdocs\src\Core\DB.php:23
[2026-03-28 21:15:18] Exception: Error fallback de conexión a la base de datos: [2002] Se produjo un error durante el intento de conexión ya que la parte conectada no respondió adecuadamente tras un periodo de tiempo, o bien se produjo un error en la conexión establecida ya que el host conectado no ha podido responder in C:\xampp\htdocs\src\Core\DB.php:36
Stack trace:
#0 C:\xampp\htdocs\src\Core\DB.php(45): App\Core\DB->__construct()
#1 C:\xampp\htdocs\src\Core\DB.php(57): App\Core\DB::getInstance()
#2 C:\xampp\htdocs\src\Modules\Catalogos\CatalogoRepository.php(11): App\Core\DB::getConn()
#3 C:\xampp\htdocs\src\Modules\Catalogos\CatalogoService.php(11): App\Modules\Catalogos\CatalogoRepository::getAll(NULL, NULL)
#4 C:\xampp\htdocs\public\catalogos\index.php(14): App\Modules\Catalogos\CatalogoService::getAll(NULL, NULL)
#5 {main}

================================================================================

